<?xml version="1.0" encoding="UTF-8"?>
<!-- Generated by org.testng.reporters.JUnitXMLReporter -->
<testsuite ignored="0" hostname="DESKTOP-L1S65S6" failures="0" tests="4" name="Add customer test" time="10.211" errors="0" timestamp="29 Mar 2021 10:13:06 GMT">
  <testcase classname="com.w2a.testcases.AddCustomerTest" name="addCustomerTest" time="3.409"/>
  <testcase classname="com.w2a.testcases.AddCustomerTest" name="addCustomerTest" time="0.0">
    <skipped/>
  </testcase> <!-- addCustomerTest -->
  <testcase classname="com.w2a.testcases.AddCustomerTest" name="addCustomerTest" time="3.379"/>
  <testcase classname="com.w2a.testcases.AddCustomerTest" name="addCustomerTest" time="3.4"/>
</testsuite> <!-- Add customer test -->
