<?xml version="1.0" encoding="UTF-8"?>
<testsuite name="TestSuite" time="9.375" tests="6" errors="0" skipped="1" failures="0">
  <properties>
[...]
</properties>
  <testcase name="LoginAsBankManager" classname="com.w2a.testcases.LoginTest" time="3.278"/>
  <testcase name="addCustomerTest" classname="com.w2a.testcases.AddCustomerTest" time="3.408"/>
  <testcase name="addCustomerTest" classname="com.w2a.testcases.AddCustomerTest" time="0">
    <skipped/>
  </testcase>
  <testcase name="addCustomerTest" classname="com.w2a.testcases.AddCustomerTest" time="3.379"/>
  <testcase name="addCustomerTest" classname="com.w2a.testcases.AddCustomerTest" time="3.398"/>
  <testcase name="openAccountTest" classname="com.w2a.testcases.OpenAccountTest" time="2.689"/>
</testsuite>